[2022-06-17T12:50:59.807] [INFO] default - Login By... { username: 'z', password: '111' }
[2022-06-17T12:51:00.018] [INFO] default - Login Pass Result Is:  {
  message: 'OK',
  status: 'true',
  access_token: 'eyJhbGciOiJIUzI1NiIsInR5cCI6IkpXVCJ9.eyJ1c2VyX2lkIjoxNywidXNlcm5hbWUiOiJ6IiwiaWF0IjoxNjU1NDQ1MDYwLCJleHAiOjE2NTU1MzE0NjB9.ajdPtwpd95lTdYeKKTbVuLFwObyAVA0qtS-o-FrGUrg',
  data: User {
    dataValues: {
      id: 17,
      username: 'z',
      password: '$2a$10$RNuSKs9.DVvP/4XnV0ntQunFazT77hAperI6u6iYkWTHnYQj7.0ea',
      role_id: 1,
      del: false,
      createdAt: 2022-06-13T09:16:29.000Z,
      updatedAt: 2022-06-13T09:16:29.000Z,
      role: [Role]
    },
    _previousDataValues: {
      id: 17,
      username: 'z',
      password: '$2a$10$RNuSKs9.DVvP/4XnV0ntQunFazT77hAperI6u6iYkWTHnYQj7.0ea',
      role_id: 1,
      del: false,
      createdAt: 2022-06-13T09:16:29.000Z,
      updatedAt: 2022-06-13T09:16:29.000Z,
      role: [Role]
    },
    _changed: {},
    _modelOptions: {
      timestamps: true,
      validate: {},
      freezeTableName: false,
      underscored: false,
      paranoid: false,
      rejectOnEmpty: false,
      whereCollection: [Object],
      schema: null,
      schemaDelimiter: '',
      defaultScope: {},
      scopes: {},
      indexes: [],
      name: [Object],
      omitNull: false,
      tableName: 'tbl_user',
      sequelize: [Sequelize],
      hooks: {}
    },
    _options: {
      isNewRecord: false,
      _schema: null,
      _schemaDelimiter: '',
      include: [Array],
      includeNames: [Array],
      includeMap: [Object],
      includeValidated: true,
      attributes: [Array],
      raw: true
    },
    isNewRecord: false,
    role: Role {
      dataValues: [Object],
      _previousDataValues: [Object],
      _changed: {},
      _modelOptions: [Object],
      _options: [Object],
      isNewRecord: false
    }
  }
}
