[2022-07-15T10:56:34.207] [INFO] default - POST/api {
  menu_name: 'tt',
  menu_price: '30000',
  menu_image: 'src\\images\\1657857394204.png',
  mnt_id: '1'
}
[2022-07-15T10:56:34.222] [INFO] default - {"message":"Created Successfull ✔","status":true,"data":{"del":false,"menu_id":9,"menu_name":"tt","menu_price":"30000","menu_image":"src\\images\\1657857394204.png","mnt_id":"1","updatedAt":"2022-07-15T03:56:34.209Z","createdAt":"2022-07-15T03:56:34.209Z"}}
[2022-07-15T10:57:11.126] [INFO] default - POST/api/menu/add {
  menu_name: 'tt',
  menu_price: '30000',
  menu_image: 'src\\images\\1657857431122.png',
  mnt_id: '1'
}
[2022-07-15T10:57:11.140] [INFO] default - {"message":"Created Successfull ✔","status":true,"data":{"del":false,"menu_id":10,"menu_name":"tt","menu_price":"30000","menu_image":"src\\images\\1657857431122.png","mnt_id":"1","updatedAt":"2022-07-15T03:57:11.128Z","createdAt":"2022-07-15T03:57:11.128Z"}}
[2022-07-15T11:01:30.837] [INFO] default - POST/api/menu/add {
  menu_name: 'tt',
  menu_price: '30000',
  menu_image: 'src\\images\\1657857690834.png',
  mnt_id: '10'
}
[2022-07-15T11:01:30.856] [ERROR] default - Cannot add or update a child row: a foreign key constraint fails (`db_restaurant`.`tbl_menu`, CONSTRAINT `tbl_menu_ibfk_1` FOREIGN KEY (`mnt_id`) REFERENCES `tbl_menu_type` (`mnt_id`) ON DELETE CASCADE ON UPDATE CASCADE)
[2022-07-15T11:02:29.402] [INFO] default - POST/api/menu/add {
  menu_name: 'tt',
  menu_price: '30000',
  menu_image: 'src\\images\\1657857749400.png',
  mnt_id: '1'
}
[2022-07-15T11:02:29.418] [INFO] default - [
  '{"message":"Created Successfull ✔","status":true,"data":{"del":false,"menu_id":12,"menu_name":"tt","menu_price":"30000","menu_image":"src\\\\images\\\\1657857749400.png","mnt_id":"1","updatedAt":"2022-07-15T04:02:29.404Z","createdAt":"2022-07-15T04:02:29.404Z"}}'
]
[2022-07-15T11:04:54.203] [INFO] default - POST/api/menu/getall
[2022-07-15T11:04:54.216] [INFO] default - {"message":"OK","status":true,"data":[{"menu_id":2,"menu_name":"CCC","menu_price":10000,"menu_image":"src\\images\\1657782961678.png","mnt_id":1,"del":false,"createdAt":"2022-07-14T07:16:01.000Z","updatedAt":"2022-07-14T07:16:01.000Z"},{"menu_id":3,"menu_name":"CCC","menu_price":10000,"menu_image":"src\\images\\1657783003223.png","mnt_id":1,"del":false,"createdAt":"2022-07-14T07:16:43.000Z","updatedAt":"2022-07-14T07:16:43.000Z"},{"menu_id":4,"menu_name":"CCC","menu_price":10000,"menu_image":"src\\images\\1657783192868.png","mnt_id":1,"del":false,"createdAt":"2022-07-14T07:19:52.000Z","updatedAt":"2022-07-14T07:19:52.000Z"},{"menu_id":6,"menu_name":"tt","menu_price":30000,"menu_image":"src\\images\\1657857200465.png","mnt_id":1,"del":false,"createdAt":"2022-07-15T03:53:20.000Z","updatedAt":"2022-07-15T03:53:20.000Z"},{"menu_id":7,"menu_name":"tt","menu_price":30000,"menu_image":"src\\images\\1657857251108.png","mnt_id":1,"del":false,"createdAt":"2022-07-15T03:54:11.000Z","updatedAt":"2022-07-15T03:54:11.000Z"},{"menu_id":8,"menu_name":"tt","menu_price":30000,"menu_image":"src\\images\\1657857352242.png","mnt_id":1,"del":false,"createdAt":"2022-07-15T03:55:52.000Z","updatedAt":"2022-07-15T03:55:52.000Z"},{"menu_id":9,"menu_name":"tt","menu_price":30000,"menu_image":"src\\images\\1657857394204.png","mnt_id":1,"del":false,"createdAt":"2022-07-15T03:56:34.000Z","updatedAt":"2022-07-15T03:56:34.000Z"},{"menu_id":10,"menu_name":"tt","menu_price":30000,"menu_image":"src\\images\\1657857431122.png","mnt_id":1,"del":false,"createdAt":"2022-07-15T03:57:11.000Z","updatedAt":"2022-07-15T03:57:11.000Z"},{"menu_id":12,"menu_name":"tt","menu_price":30000,"menu_image":"src\\images\\1657857749400.png","mnt_id":1,"del":false,"createdAt":"2022-07-15T04:02:29.000Z","updatedAt":"2022-07-15T04:02:29.000Z"}]}
[2022-07-15T11:23:56.037] [INFO] default - POST/api/menu/getall
[2022-07-15T11:23:56.050] [INFO] default - {"message":"OK","status":true,"data":[{"menu_id":2,"menu_name":"CCC","menu_price":10000,"menu_image":"src\\images\\1657782961678.png","mnt_id":1,"del":false,"createdAt":"2022-07-14T07:16:01.000Z","updatedAt":"2022-07-14T07:16:01.000Z"},{"menu_id":3,"menu_name":"CCC","menu_price":10000,"menu_image":"src\\images\\1657783003223.png","mnt_id":1,"del":false,"createdAt":"2022-07-14T07:16:43.000Z","updatedAt":"2022-07-14T07:16:43.000Z"},{"menu_id":4,"menu_name":"CCC","menu_price":10000,"menu_image":"src\\images\\1657783192868.png","mnt_id":1,"del":false,"createdAt":"2022-07-14T07:19:52.000Z","updatedAt":"2022-07-14T07:19:52.000Z"},{"menu_id":6,"menu_name":"tt","menu_price":30000,"menu_image":"src\\images\\1657857200465.png","mnt_id":1,"del":false,"createdAt":"2022-07-15T03:53:20.000Z","updatedAt":"2022-07-15T03:53:20.000Z"},{"menu_id":7,"menu_name":"tt","menu_price":30000,"menu_image":"src\\images\\1657857251108.png","mnt_id":1,"del":false,"createdAt":"2022-07-15T03:54:11.000Z","updatedAt":"2022-07-15T03:54:11.000Z"},{"menu_id":8,"menu_name":"tt","menu_price":30000,"menu_image":"src\\images\\1657857352242.png","mnt_id":1,"del":false,"createdAt":"2022-07-15T03:55:52.000Z","updatedAt":"2022-07-15T03:55:52.000Z"},{"menu_id":9,"menu_name":"tt","menu_price":30000,"menu_image":"src\\images\\1657857394204.png","mnt_id":1,"del":false,"createdAt":"2022-07-15T03:56:34.000Z","updatedAt":"2022-07-15T03:56:34.000Z"},{"menu_id":10,"menu_name":"tt","menu_price":30000,"menu_image":"src\\images\\1657857431122.png","mnt_id":1,"del":false,"createdAt":"2022-07-15T03:57:11.000Z","updatedAt":"2022-07-15T03:57:11.000Z"},{"menu_id":12,"menu_name":"tt","menu_price":30000,"menu_image":"src\\images\\1657857749400.png","mnt_id":1,"del":false,"createdAt":"2022-07-15T04:02:29.000Z","updatedAt":"2022-07-15T04:02:29.000Z"}]}
[2022-07-15T11:24:06.308] [INFO] default - POST/api/menu/add {
  menu_name: 'tt',
  menu_price: '30000',
  menu_image: 'src\\images\\1657859046306.png',
  mnt_id: '1'
}
[2022-07-15T11:24:06.321] [INFO] default - {"message":"Created Successfull ✔","status":true,"data":{"del":false,"menu_id":13,"menu_name":"tt","menu_price":"30000","menu_image":"src\\images\\1657859046306.png","mnt_id":"1","updatedAt":"2022-07-15T04:24:06.309Z","createdAt":"2022-07-15T04:24:06.309Z"}}
[2022-07-15T11:24:54.779] [INFO] default - POST/api/menu/getall 
[2022-07-15T11:24:54.791] [INFO] default - {"message":"OK","status":true,"data":[{"menu_id":2,"menu_name":"CCC","menu_price":10000,"menu_image":"src\\images\\1657782961678.png","mnt_id":1,"del":false,"createdAt":"2022-07-14T07:16:01.000Z","updatedAt":"2022-07-14T07:16:01.000Z"},{"menu_id":3,"menu_name":"CCC","menu_price":10000,"menu_image":"src\\images\\1657783003223.png","mnt_id":1,"del":false,"createdAt":"2022-07-14T07:16:43.000Z","updatedAt":"2022-07-14T07:16:43.000Z"},{"menu_id":4,"menu_name":"CCC","menu_price":10000,"menu_image":"src\\images\\1657783192868.png","mnt_id":1,"del":false,"createdAt":"2022-07-14T07:19:52.000Z","updatedAt":"2022-07-14T07:19:52.000Z"},{"menu_id":6,"menu_name":"tt","menu_price":30000,"menu_image":"src\\images\\1657857200465.png","mnt_id":1,"del":false,"createdAt":"2022-07-15T03:53:20.000Z","updatedAt":"2022-07-15T03:53:20.000Z"},{"menu_id":7,"menu_name":"tt","menu_price":30000,"menu_image":"src\\images\\1657857251108.png","mnt_id":1,"del":false,"createdAt":"2022-07-15T03:54:11.000Z","updatedAt":"2022-07-15T03:54:11.000Z"},{"menu_id":8,"menu_name":"tt","menu_price":30000,"menu_image":"src\\images\\1657857352242.png","mnt_id":1,"del":false,"createdAt":"2022-07-15T03:55:52.000Z","updatedAt":"2022-07-15T03:55:52.000Z"},{"menu_id":9,"menu_name":"tt","menu_price":30000,"menu_image":"src\\images\\1657857394204.png","mnt_id":1,"del":false,"createdAt":"2022-07-15T03:56:34.000Z","updatedAt":"2022-07-15T03:56:34.000Z"},{"menu_id":10,"menu_name":"tt","menu_price":30000,"menu_image":"src\\images\\1657857431122.png","mnt_id":1,"del":false,"createdAt":"2022-07-15T03:57:11.000Z","updatedAt":"2022-07-15T03:57:11.000Z"},{"menu_id":12,"menu_name":"tt","menu_price":30000,"menu_image":"src\\images\\1657857749400.png","mnt_id":1,"del":false,"createdAt":"2022-07-15T04:02:29.000Z","updatedAt":"2022-07-15T04:02:29.000Z"},{"menu_id":13,"menu_name":"tt","menu_price":30000,"menu_image":"src\\images\\1657859046306.png","mnt_id":1,"del":false,"createdAt":"2022-07-15T04:24:06.000Z","updatedAt":"2022-07-15T04:24:06.000Z"}]}
[2022-07-15T11:25:24.541] [INFO] default - POST/api/menu/getall {}
[2022-07-15T11:25:24.555] [INFO] default - {"message":"OK","status":true,"data":[{"menu_id":2,"menu_name":"CCC","menu_price":10000,"menu_image":"src\\images\\1657782961678.png","mnt_id":1,"del":false,"createdAt":"2022-07-14T07:16:01.000Z","updatedAt":"2022-07-14T07:16:01.000Z"},{"menu_id":3,"menu_name":"CCC","menu_price":10000,"menu_image":"src\\images\\1657783003223.png","mnt_id":1,"del":false,"createdAt":"2022-07-14T07:16:43.000Z","updatedAt":"2022-07-14T07:16:43.000Z"},{"menu_id":4,"menu_name":"CCC","menu_price":10000,"menu_image":"src\\images\\1657783192868.png","mnt_id":1,"del":false,"createdAt":"2022-07-14T07:19:52.000Z","updatedAt":"2022-07-14T07:19:52.000Z"},{"menu_id":6,"menu_name":"tt","menu_price":30000,"menu_image":"src\\images\\1657857200465.png","mnt_id":1,"del":false,"createdAt":"2022-07-15T03:53:20.000Z","updatedAt":"2022-07-15T03:53:20.000Z"},{"menu_id":7,"menu_name":"tt","menu_price":30000,"menu_image":"src\\images\\1657857251108.png","mnt_id":1,"del":false,"createdAt":"2022-07-15T03:54:11.000Z","updatedAt":"2022-07-15T03:54:11.000Z"},{"menu_id":8,"menu_name":"tt","menu_price":30000,"menu_image":"src\\images\\1657857352242.png","mnt_id":1,"del":false,"createdAt":"2022-07-15T03:55:52.000Z","updatedAt":"2022-07-15T03:55:52.000Z"},{"menu_id":9,"menu_name":"tt","menu_price":30000,"menu_image":"src\\images\\1657857394204.png","mnt_id":1,"del":false,"createdAt":"2022-07-15T03:56:34.000Z","updatedAt":"2022-07-15T03:56:34.000Z"},{"menu_id":10,"menu_name":"tt","menu_price":30000,"menu_image":"src\\images\\1657857431122.png","mnt_id":1,"del":false,"createdAt":"2022-07-15T03:57:11.000Z","updatedAt":"2022-07-15T03:57:11.000Z"},{"menu_id":12,"menu_name":"tt","menu_price":30000,"menu_image":"src\\images\\1657857749400.png","mnt_id":1,"del":false,"createdAt":"2022-07-15T04:02:29.000Z","updatedAt":"2022-07-15T04:02:29.000Z"},{"menu_id":13,"menu_name":"tt","menu_price":30000,"menu_image":"src\\images\\1657859046306.png","mnt_id":1,"del":false,"createdAt":"2022-07-15T04:24:06.000Z","updatedAt":"2022-07-15T04:24:06.000Z"}]}
[2022-07-15T11:31:17.973] [INFO] default - POST/api/menu/delete?menu_id=100 100
[2022-07-15T11:31:18.003] [WARN] default - Notfouned menu id for delete.
[2022-07-15T11:32:24.569] [INFO] default - POST/api/menu/delete?menu_id=100 { menu_id: '100' }
[2022-07-15T11:32:24.587] [WARN] default - Notfouned menu id for delete.
[2022-07-15T11:34:26.703] [INFO] default - POST/api/menu/delete?menu_id=2 { menu_id: '2' }
[2022-07-15T11:34:26.729] [INFO] default - {"message":"Deleted Successfull ✔","status":true,"data":{"menu_id":2,"menu_name":"CCC","menu_price":10000,"menu_image":"src\\images\\1657782961678.png","mnt_id":1,"del":false,"createdAt":"2022-07-14T07:16:01.000Z","updatedAt":"2022-07-14T07:16:01.000Z"}}
2022-07-15T11:31:17.973 default - POST/api/menu/delete?menu_id=100 100
[2022-07-15T11:31:18.003] [WARN] default - Notfouned menu id for delete.
[2022-07-15T11:32:24.569] [INFO] default - POST/api/menu/delete?menu_id=100 { menu_id: '100' }
[2022-07-15T11:32:24.587] [WARN] default - Notfouned menu id for delete.
[2022-07-15T11:34:26.703] [INFO] default - POST/api/menu/delete?menu_id=2 { menu_id: '2' }
[2022-07-15T11:34:26.729] [INFO] default - {"message":"Deleted Successfull ✔","status":true,"data":{"menu_id":2,"menu_name":"CCC","menu_price":10000,"menu_image":"src\\images\\1657782961678.png","mnt_id":1,"del":false,"createdAt":"2022-07-14T07:16:01.000Z","updatedAt":"2022-07-14T07:16:01.000Z"}}
[2022-07-19T14:53:23.591] [INFO] default - POST/api/login { username: 'VAXENG', password: '123' }
[2022-07-19T14:53:23.621] [WARN] default - Username Notfound
[2022-07-19T14:53:33.423] [INFO] default - POST/api/login { username: 'admin1', password: '123' }
[2022-07-19T14:53:33.431] [WARN] default - Username Notfound
[2022-07-19T14:54:36.879] [INFO] default - POST/api/login { username: 'admin', password: '123' }
[2022-07-19T14:54:37.044] [INFO] default - {"message":"Logined Successfull ✔","status":200,"access_token":"eyJhbGciOiJIUzI1NiIsInR5cCI6IkpXVCJ9.eyJ1c2VyX2lkIjoxNCwidXNlcm5hbWUiOiJhZG1pbiIsInJvbGUiOiJhZG1pbiIsImlhdCI6MTY1ODIxNzI3NywiZXhwIjoxNjU4MzAzNjc3fQ.1Z57uxt1HNGiWokASPOrPl9TbyzHf_QP06SWh-vRJd4","data":{"id":14,"username":"admin","password":"$2a$10$JTLxe8EStupoCDStj7Tbwe56G.r6HNCSO1ORh6tfHcgo0qySUS11W","role_id":7,"del":false,"createdAt":"2022-07-19T14:54:30.000Z","updatedAt":"2022-07-19T14:54:30.000Z","role":{"id":7,"role_name":"admin","del":false,"createdAt":"2022-07-19T14:32:30.000Z","updatedAt":"2022-07-19T14:32:30.000Z"}}}
[2022-07-19T14:54:41.766] [INFO] default - POST/api/login { username: 'admin', password: '123' }
[2022-07-19T14:54:41.922] [INFO] default - {"message":"Logined Successfull ✔","status":200,"access_token":"eyJhbGciOiJIUzI1NiIsInR5cCI6IkpXVCJ9.eyJ1c2VyX2lkIjoxNCwidXNlcm5hbWUiOiJhZG1pbiIsInJvbGUiOiJhZG1pbiIsImlhdCI6MTY1ODIxNzI4MSwiZXhwIjoxNjU4MzAzNjgxfQ.rKL2qEswhw09082K8RdtVjZPMzW8glIxj1IkQ0VryvM","data":{"id":14,"username":"admin","password":"$2a$10$JTLxe8EStupoCDStj7Tbwe56G.r6HNCSO1ORh6tfHcgo0qySUS11W","role_id":7,"del":false,"createdAt":"2022-07-19T14:54:30.000Z","updatedAt":"2022-07-19T14:54:30.000Z","role":{"id":7,"role_name":"admin","del":false,"createdAt":"2022-07-19T14:32:30.000Z","updatedAt":"2022-07-19T14:32:30.000Z"}}}
[2022-07-19T14:55:30.459] [INFO] default - POST/api/login { username: 'admin', password: '123' }
[2022-07-19T14:55:30.613] [INFO] default - {"message":"Logined Successfull ✔","status":200,"access_token":"eyJhbGciOiJIUzI1NiIsInR5cCI6IkpXVCJ9.eyJ1c2VyX2lkIjoxNCwidXNlcm5hbWUiOiJhZG1pbiIsInJvbGUiOiJhZG1pbiIsImlhdCI6MTY1ODIxNzMzMCwiZXhwIjoxNjU4MzAzNzMwfQ.axq02cZB5A2CIKT5tqV3-U3_52FHT52DfDyq5_Q4-DA","data":{"id":14,"username":"admin","password":"$2a$10$JTLxe8EStupoCDStj7Tbwe56G.r6HNCSO1ORh6tfHcgo0qySUS11W","role_id":7,"del":false,"createdAt":"2022-07-19T14:54:30.000Z","updatedAt":"2022-07-19T14:54:30.000Z","role":{"id":7,"role_name":"admin","del":false,"createdAt":"2022-07-19T14:32:30.000Z","updatedAt":"2022-07-19T14:32:30.000Z"}}}
[2022-07-19T14:55:38.755] [INFO] default - POST/api/login { username: 'admin', password: '123' }
[2022-07-19T14:55:38.905] [INFO] default - {"message":"Logined Successfull ✔","status":200,"access_token":"eyJhbGciOiJIUzI1NiIsInR5cCI6IkpXVCJ9.eyJ1c2VyX2lkIjoxNCwidXNlcm5hbWUiOiJhZG1pbiIsInJvbGUiOiJhZG1pbiIsImlhdCI6MTY1ODIxNzMzOCwiZXhwIjoxNjU4MzAzNzM4fQ.2FGA0wud7B9dbmRD8rW9R4jYPpmoYdhHEw1fbDcELac","data":{"id":14,"username":"admin","password":"$2a$10$JTLxe8EStupoCDStj7Tbwe56G.r6HNCSO1ORh6tfHcgo0qySUS11W","role_id":7,"del":false,"createdAt":"2022-07-19T14:54:30.000Z","updatedAt":"2022-07-19T14:54:30.000Z","role":{"id":7,"role_name":"admin","del":false,"createdAt":"2022-07-19T14:32:30.000Z","updatedAt":"2022-07-19T14:32:30.000Z"}}}
[2022-07-19T14:55:39.746] [INFO] default - POST/api/login { username: 'admin', password: '123' }
[2022-07-19T14:55:39.899] [INFO] default - {"message":"Logined Successfull ✔","status":200,"access_token":"eyJhbGciOiJIUzI1NiIsInR5cCI6IkpXVCJ9.eyJ1c2VyX2lkIjoxNCwidXNlcm5hbWUiOiJhZG1pbiIsInJvbGUiOiJhZG1pbiIsImlhdCI6MTY1ODIxNzMzOSwiZXhwIjoxNjU4MzAzNzM5fQ.YtTlufViAuC1pfNSonVKkuXsyfDgnR4nug8l3IUvJ70","data":{"id":14,"username":"admin","password":"$2a$10$JTLxe8EStupoCDStj7Tbwe56G.r6HNCSO1ORh6tfHcgo0qySUS11W","role_id":7,"del":false,"createdAt":"2022-07-19T14:54:30.000Z","updatedAt":"2022-07-19T14:54:30.000Z","role":{"id":7,"role_name":"admin","del":false,"createdAt":"2022-07-19T14:32:30.000Z","updatedAt":"2022-07-19T14:32:30.000Z"}}}
[2022-07-19T14:55:39.944] [INFO] default - POST/api/login { username: 'admin', password: '123' }
[2022-07-19T14:55:40.101] [INFO] default - {"message":"Logined Successfull ✔","status":200,"access_token":"eyJhbGciOiJIUzI1NiIsInR5cCI6IkpXVCJ9.eyJ1c2VyX2lkIjoxNCwidXNlcm5hbWUiOiJhZG1pbiIsInJvbGUiOiJhZG1pbiIsImlhdCI6MTY1ODIxNzM0MCwiZXhwIjoxNjU4MzAzNzQwfQ.p4xOoZyWgXZdGi7skcj0qi4vhBnEaur278BBhy7LpTk","data":{"id":14,"username":"admin","password":"$2a$10$JTLxe8EStupoCDStj7Tbwe56G.r6HNCSO1ORh6tfHcgo0qySUS11W","role_id":7,"del":false,"createdAt":"2022-07-19T14:54:30.000Z","updatedAt":"2022-07-19T14:54:30.000Z","role":{"id":7,"role_name":"admin","del":false,"createdAt":"2022-07-19T14:32:30.000Z","updatedAt":"2022-07-19T14:32:30.000Z"}}}
[2022-07-19T14:55:40.110] [INFO] default - POST/api/login { username: 'admin', password: '123' }
[2022-07-19T14:55:40.260] [INFO] default - {"message":"Logined Successfull ✔","status":200,"access_token":"eyJhbGciOiJIUzI1NiIsInR5cCI6IkpXVCJ9.eyJ1c2VyX2lkIjoxNCwidXNlcm5hbWUiOiJhZG1pbiIsInJvbGUiOiJhZG1pbiIsImlhdCI6MTY1ODIxNzM0MCwiZXhwIjoxNjU4MzAzNzQwfQ.p4xOoZyWgXZdGi7skcj0qi4vhBnEaur278BBhy7LpTk","data":{"id":14,"username":"admin","password":"$2a$10$JTLxe8EStupoCDStj7Tbwe56G.r6HNCSO1ORh6tfHcgo0qySUS11W","role_id":7,"del":false,"createdAt":"2022-07-19T14:54:30.000Z","updatedAt":"2022-07-19T14:54:30.000Z","role":{"id":7,"role_name":"admin","del":false,"createdAt":"2022-07-19T14:32:30.000Z","updatedAt":"2022-07-19T14:32:30.000Z"}}}
[2022-07-19T14:55:40.295] [INFO] default - POST/api/login { username: 'admin', password: '123' }
[2022-07-19T14:55:40.447] [INFO] default - {"message":"Logined Successfull ✔","status":200,"access_token":"eyJhbGciOiJIUzI1NiIsInR5cCI6IkpXVCJ9.eyJ1c2VyX2lkIjoxNCwidXNlcm5hbWUiOiJhZG1pbiIsInJvbGUiOiJhZG1pbiIsImlhdCI6MTY1ODIxNzM0MCwiZXhwIjoxNjU4MzAzNzQwfQ.p4xOoZyWgXZdGi7skcj0qi4vhBnEaur278BBhy7LpTk","data":{"id":14,"username":"admin","password":"$2a$10$JTLxe8EStupoCDStj7Tbwe56G.r6HNCSO1ORh6tfHcgo0qySUS11W","role_id":7,"del":false,"createdAt":"2022-07-19T14:54:30.000Z","updatedAt":"2022-07-19T14:54:30.000Z","role":{"id":7,"role_name":"admin","del":false,"createdAt":"2022-07-19T14:32:30.000Z","updatedAt":"2022-07-19T14:32:30.000Z"}}}
[2022-07-19T14:56:05.737] [INFO] default - POST/api/login { username: 'admin', password: '123' }
[2022-07-19T14:56:05.943] [INFO] default - {"message":"Logined Successfull ✔","status":200,"access_token":"eyJhbGciOiJIUzI1NiIsInR5cCI6IkpXVCJ9.eyJ1c2VyX2lkIjoxNCwidXNlcm5hbWUiOiJhZG1pbiIsInJvbGUiOiJhZG1pbiIsImlhdCI6MTY1ODIxNzM2NSwiZXhwIjoxNjU4MzAzNzY1fQ.MC2dOqTC-_wNiQlKQ5D42q1qOA5B0yzHDqt_y-_v5Zo","data":{"id":14,"username":"admin","password":"$2a$10$JTLxe8EStupoCDStj7Tbwe56G.r6HNCSO1ORh6tfHcgo0qySUS11W","role_id":7,"del":false,"createdAt":"2022-07-19T14:54:30.000Z","updatedAt":"2022-07-19T14:54:30.000Z","role":{"id":7,"role_name":"admin","del":false,"createdAt":"2022-07-19T14:32:30.000Z","updatedAt":"2022-07-19T14:32:30.000Z"}}}
[2022-07-19T14:56:37.519] [INFO] default - POST/api/login { username: 'admin', password: '123' }
[2022-07-19T14:56:37.690] [INFO] default - {"message":"Logined Successfull ✔","status":200,"access_token":"eyJhbGciOiJIUzI1NiIsInR5cCI6IkpXVCJ9.eyJ1c2VyX2lkIjoxNCwidXNlcm5hbWUiOiJhZG1pbiIsInJvbGUiOiJhZG1pbiIsImlhdCI6MTY1ODIxNzM5NywiZXhwIjoxNjU4MzAzNzk3fQ.WPUZkClxh4rk1gTQ-PKm2ZXkx-bkUMsFwjB1WN6r_bI","data":{"id":14,"username":"admin","password":"$2a$10$JTLxe8EStupoCDStj7Tbwe56G.r6HNCSO1ORh6tfHcgo0qySUS11W","role_id":7,"del":false,"createdAt":"2022-07-19T14:54:30.000Z","updatedAt":"2022-07-19T14:54:30.000Z","role":{"id":7,"role_name":"admin","del":false,"createdAt":"2022-07-19T14:32:30.000Z","updatedAt":"2022-07-19T14:32:30.000Z"}}}
[2022-07-19T15:11:22.080] [INFO] default - POST/api/login { username: 'admin', password: '123' }
[2022-07-19T15:11:22.283] [INFO] default - {"message":"Logined Successfull ✔","status":200,"access_token":"eyJhbGciOiJIUzI1NiIsInR5cCI6IkpXVCJ9.eyJ1c2VyX2lkIjoxNCwidXNlcm5hbWUiOiJhZG1pbiIsInJvbGUiOiJhZG1pbiIsImlhdCI6MTY1ODIxODI4MiwiZXhwIjoxNjU4MzA0NjgyfQ.XPchKRHwsmrusHediJsjfvWX0N1oFRcfpWU8W22UCS4","data":{"id":14,"username":"admin","password":"$2a$10$JTLxe8EStupoCDStj7Tbwe56G.r6HNCSO1ORh6tfHcgo0qySUS11W","role_id":7,"del":false,"createdAt":"2022-07-19T14:54:30.000Z","updatedAt":"2022-07-19T14:54:30.000Z","role":{"id":7,"role_name":"admin","del":false,"createdAt":"2022-07-19T14:32:30.000Z","updatedAt":"2022-07-19T14:32:30.000Z"}}}
[2022-07-19T15:52:20.184] [INFO] default - POST/api/login { username: '" or ""="', password: '" or ""="' }
[2022-07-19T15:52:20.212] [WARN] default - Username Notfound
[2022-07-20T13:40:33.107] [INFO] default - POST/api/login { username: 'VAXENG', password: '123' }
[2022-07-20T13:40:33.215] [WARN] default - Username Notfound
[2022-07-20T13:40:39.306] [INFO] default - POST/api/login { username: 'admin', password: '123' }
[2022-07-20T13:40:39.536] [INFO] default - {"message":"Logined Successfull ✔","status":200,"access_token":"eyJhbGciOiJIUzI1NiIsInR5cCI6IkpXVCJ9.eyJ1c2VyX2lkIjoxNCwidXNlcm5hbWUiOiJhZG1pbiIsInJvbGUiOiJhZG1pbiIsImlhdCI6MTY1ODI5OTIzOSwiZXhwIjoxNjU4Mzg1NjM5fQ.FfDy7fhrYUKJQhvBVyZfePB8kqNRiT6Jd56MhUDHOUQ","data":{"id":14,"username":"admin","password":"$2a$10$JTLxe8EStupoCDStj7Tbwe56G.r6HNCSO1ORh6tfHcgo0qySUS11W","role_id":7,"del":false,"createdAt":"2022-07-19T14:54:30.000Z","updatedAt":"2022-07-19T14:54:30.000Z","role":{"id":7,"role_name":"admin","del":false,"createdAt":"2022-07-19T14:32:30.000Z","updatedAt":"2022-07-19T14:32:30.000Z"}}}
[2022-07-20T13:49:29.705] [INFO] default - POST/api/login { username: 'admin', password: '123' }
[2022-07-20T13:49:29.916] [INFO] default - {"message":"Logined Successfull ✔","status":200,"access_token":"eyJhbGciOiJIUzI1NiIsInR5cCI6IkpXVCJ9.eyJ1c2VyX2lkIjoxNCwidXNlcm5hbWUiOiJhZG1pbiIsInJvbGUiOiJhZG1pbiIsImlhdCI6MTY1ODI5OTc2OSwiZXhwIjoxNjU4Mzg2MTY5fQ.D7opYKxggLnRgdqKL0vL_c1pIWbppyd0sg8jlFEW7Jw","data":{"id":14,"username":"admin","password":"$2a$10$JTLxe8EStupoCDStj7Tbwe56G.r6HNCSO1ORh6tfHcgo0qySUS11W","role_id":7,"del":false,"createdAt":"2022-07-19T14:54:30.000Z","updatedAt":"2022-07-19T14:54:30.000Z","role":{"id":7,"role_name":"admin","del":false,"createdAt":"2022-07-19T14:32:30.000Z","updatedAt":"2022-07-19T14:32:30.000Z"}}}
[2022-07-20T14:13:47.409] [INFO] default - POST/api/login { username: 'ok', password: '12345' }
[2022-07-20T14:13:47.625] [INFO] default - {"message":"Logined Successfull ✔","status":200,"access_token":"eyJhbGciOiJIUzI1NiIsInR5cCI6IkpXVCJ9.eyJ1c2VyX2lkIjoxNSwidXNlcm5hbWUiOiJvayIsInJvbGUiOiJhZG1pbjEyIiwiaWF0IjoxNjU4MzAxMjI3LCJleHAiOjE2NTgzODc2Mjd9.HC4Yuh0N5rabRWbH-0N1AjagnGKuS54GwT7I3MTAWsQ","data":{"id":15,"username":"ok","password":"$2a$10$yctX8UwLq8DfBQYZiGoJWufmS/F4WUifVf.bStLV9VaEWVqgn6kgG","role_id":12,"del":false,"createdAt":"2022-07-20T14:13:26.000Z","updatedAt":"2022-07-20T14:13:26.000Z","role":{"id":12,"role_name":"admin12","del":false,"createdAt":"2022-07-19T01:30:24.000Z","updatedAt":"2022-07-19T01:30:24.000Z"}}}
[2022-07-21T08:47:48.833] [INFO] default - POST/api/login { username: 'admin', password: '123' }
[2022-07-21T08:47:49.297] [INFO] default - {"message":"Logined Successfull ✔","status":200,"access_token":"eyJhbGciOiJIUzI1NiIsInR5cCI6IkpXVCJ9.eyJ1c2VybmFtZSI6ImFkbWluIiwicm9sZSI6ImFkbWluIiwiaWF0IjoxNjU4MzY4MDY5LCJleHAiOjE2NTg0NTQ0Njl9.NKxBLLPgneHnWgv7mUY_OLf30QgHwiP26GGV8FQp6Lk","data":{"user_id":1,"username":"admin","password":"$2a$10$LGIv/Y3IJCf6w6DVjGMfu.3g5tB8ZsDmiZRWuWVpewMFI/14k5xYu","role_id":1,"del":false,"createdAt":"2022-07-20T17:00:09.000Z","updatedAt":"2022-07-20T17:00:09.000Z","role":{"id":1,"role_name":"admin","del":false,"createdAt":"2022-07-20T09:59:37.000Z","updatedAt":"2022-07-20T09:59:37.000Z"}}}
[2022-07-21T08:56:49.874] [INFO] default - POST/api/login { username: 'admin', password: '123' }
[2022-07-21T08:56:50.142] [INFO] default - {"message":"Logined Successfull ✔","status":200,"access_token":"eyJhbGciOiJIUzI1NiIsInR5cCI6IkpXVCJ9.eyJ1c2VybmFtZSI6ImFkbWluIiwicm9sZSI6ImFkbWluIiwiaWF0IjoxNjU4MzY4NjEwLCJleHAiOjE2NTg0NTUwMTB9.-fxZBo4cNNAhENa_Ll14McGyHTJ1JPXJmhRZM7QZkHA","data":{"user_id":1,"username":"admin","password":"$2a$10$LGIv/Y3IJCf6w6DVjGMfu.3g5tB8ZsDmiZRWuWVpewMFI/14k5xYu","role_id":1,"del":false,"createdAt":"2022-07-20T17:00:09.000Z","updatedAt":"2022-07-20T17:00:09.000Z","role":{"id":1,"role_name":"admin","del":false,"createdAt":"2022-07-20T09:59:37.000Z","updatedAt":"2022-07-20T09:59:37.000Z"}}}
[2022-07-21T08:57:49.039] [INFO] default - POST/api/login { username: 'admin', password: '123' }
[2022-07-21T08:57:49.235] [INFO] default - {"message":"Logined Successfull ✔","status":200,"access_token":"eyJhbGciOiJIUzI1NiIsInR5cCI6IkpXVCJ9.eyJ1c2VybmFtZSI6ImFkbWluIiwicm9sZSI6ImFkbWluIiwiaWF0IjoxNjU4MzY4NjY5LCJleHAiOjE2NTg0NTUwNjl9.9vEY7DMy5SSfJCdP1cx9p8IIzuLFaXr-Dd13P7fFmug","data":{"user_id":1,"username":"admin","password":"$2a$10$LGIv/Y3IJCf6w6DVjGMfu.3g5tB8ZsDmiZRWuWVpewMFI/14k5xYu","role_id":1,"del":false,"createdAt":"2022-07-20T17:00:09.000Z","updatedAt":"2022-07-20T17:00:09.000Z","role":{"id":1,"role_name":"admin","del":false,"createdAt":"2022-07-20T09:59:37.000Z","updatedAt":"2022-07-20T09:59:37.000Z"}}}
[2022-07-21T08:58:01.805] [INFO] default - POST/api/login { username: 'admin', password: '123' }
[2022-07-21T08:58:01.980] [INFO] default - {"message":"Logined Successfull ✔","status":200,"access_token":"eyJhbGciOiJIUzI1NiIsInR5cCI6IkpXVCJ9.eyJ1c2VybmFtZSI6ImFkbWluIiwicm9sZSI6ImFkbWluIiwiaWF0IjoxNjU4MzY4NjgxLCJleHAiOjE2NTg0NTUwODF9.1jPcpV3c54foKmyigjluINCPt15W8Kcy9IiAjfLpLHA","data":{"user_id":1,"username":"admin","password":"$2a$10$LGIv/Y3IJCf6w6DVjGMfu.3g5tB8ZsDmiZRWuWVpewMFI/14k5xYu","role_id":1,"del":false,"createdAt":"2022-07-20T17:00:09.000Z","updatedAt":"2022-07-20T17:00:09.000Z","role":{"id":1,"role_name":"admin","del":false,"createdAt":"2022-07-20T09:59:37.000Z","updatedAt":"2022-07-20T09:59:37.000Z"}}}
[2022-07-21T15:10:36.796] [INFO] default - POST/api/login { username: 'admin', password: '123' }
[2022-07-21T15:10:37.062] [INFO] default - {"message":"Logined Successfull ✔","status":200,"access_token":"eyJhbGciOiJIUzI1NiIsInR5cCI6IkpXVCJ9.eyJ1c2VybmFtZSI6ImFkbWluIiwicm9sZSI6ImFkbWluIiwiaWF0IjoxNjU4MzkxMDM3LCJleHAiOjE2NTg0Nzc0Mzd9.9o57Kd_DfOZSLM7SoKoSbPM9jLFgkuJAvO0yUM3i_ww","data":{"user_id":1,"username":"admin","password":"$2a$10$LGIv/Y3IJCf6w6DVjGMfu.3g5tB8ZsDmiZRWuWVpewMFI/14k5xYu","role_id":1,"del":false,"createdAt":"2022-07-20T17:00:09.000Z","updatedAt":"2022-07-20T17:00:09.000Z","role":{"id":1,"role_name":"admin","del":false,"createdAt":"2022-07-20T09:59:37.000Z","updatedAt":"2022-07-20T09:59:37.000Z"}}}
[2022-07-22T08:57:16.903] [INFO] default - POST/api/login { username: 'admin', password: '123' }
[2022-07-22T08:57:17.169] [INFO] default - {"message":"Logined Successfull ✔","status":200,"access_token":"eyJhbGciOiJIUzI1NiIsInR5cCI6IkpXVCJ9.eyJ1c2VybmFtZSI6ImFkbWluIiwicm9sZSI6ImxsbGwiLCJpYXQiOjE2NTg0NTUwMzcsImV4cCI6MTY1ODU0MTQzN30.Va3oFHMQ88-UuBPxE3VbuJDU7VibGoeZt86AvUN6_qk","data":{"user_id":1,"username":"admin","password":"$2a$10$LGIv/Y3IJCf6w6DVjGMfu.3g5tB8ZsDmiZRWuWVpewMFI/14k5xYu","role_id":1,"del":false,"createdAt":"2022-07-20T17:00:09.000Z","updatedAt":"2022-07-20T17:00:09.000Z","role":{"id":1,"role_name":"llll","del":false,"createdAt":"2022-07-20T09:59:37.000Z","updatedAt":"2022-07-20T09:59:37.000Z"}}}
[2022-07-22T16:27:01.490] [INFO] default - POST/api/login { user_name: 'admin' }
[2022-07-22T16:28:12.800] [INFO] default - POST/api/login { user_name: 'admin', password: '123' }
[2022-07-22T16:28:12.827] [ERROR] default - WHERE parameter "username" has invalid "undefined" value
[2022-07-22T16:28:22.313] [INFO] default - POST/api/login { username: 'admin', password: '123' }
[2022-07-22T16:28:22.581] [INFO] default - {"message":"Logined Successfull ✔","status":200,"access_token":"eyJhbGciOiJIUzI1NiIsInR5cCI6IkpXVCJ9.eyJ1c2VybmFtZSI6ImFkbWluIiwicm9sZSI6ImxsbGwiLCJpYXQiOjE2NTg0ODIxMDIsImV4cCI6MTY1ODU2ODUwMn0.6h2XhQNqF9etrYndyOk-MOdDbNqW4-CMtXLU4T6DAM4","data":{"user_id":1,"username":"admin","password":"$2a$10$LGIv/Y3IJCf6w6DVjGMfu.3g5tB8ZsDmiZRWuWVpewMFI/14k5xYu","role_id":1,"del":false,"createdAt":"2022-07-20T17:00:09.000Z","updatedAt":"2022-07-20T17:00:09.000Z","role":{"id":1,"role_name":"llll","del":false,"createdAt":"2022-07-20T09:59:37.000Z","updatedAt":"2022-07-20T09:59:37.000Z"}}}
[2022-07-25T11:55:46.123] [INFO] default - POST/api/login { username: 'admin', password: '123' }
[2022-07-25T11:55:46.463] [INFO] default - {"message":"Logined Successfull ✔","status":200,"access_token":"eyJhbGciOiJIUzI1NiIsInR5cCI6IkpXVCJ9.eyJ1c2VybmFtZSI6ImFkbWluIiwicm9sZSI6ImxsbGwiLCJpYXQiOjE2NTg3MjQ5NDYsImV4cCI6MTY1ODgxMTM0Nn0._ntprsdUkP_9vWnjKXh6qRMgPpEKbsS5MksfoaNn1p4","data":{"user_id":1,"username":"admin","password":"$2a$10$LGIv/Y3IJCf6w6DVjGMfu.3g5tB8ZsDmiZRWuWVpewMFI/14k5xYu","role_id":1,"del":false,"createdAt":"2022-07-20T17:00:09.000Z","updatedAt":"2022-07-20T17:00:09.000Z","role":{"id":1,"role_name":"llll","del":false,"createdAt":"2022-07-20T09:59:37.000Z","updatedAt":"2022-07-20T09:59:37.000Z"}}}
[2022-07-25T13:27:40.995] [INFO] default - POST/api/login { username: 'admin', password: '123' }
[2022-07-25T13:27:41.248] [INFO] default - {"message":"Logined Successfull ✔","status":200,"access_token":"eyJhbGciOiJIUzI1NiIsInR5cCI6IkpXVCJ9.eyJ1c2VybmFtZSI6ImFkbWluIiwicm9sZSI6ImxsbGwiLCJpYXQiOjE2NTg3MzA0NjEsImV4cCI6MTY1ODgxNjg2MX0.YOf-mb37cUa7mpoItksSPI1u7VtWkPxObFVadte2L1U","data":{"user_id":1,"username":"admin","password":"$2a$10$LGIv/Y3IJCf6w6DVjGMfu.3g5tB8ZsDmiZRWuWVpewMFI/14k5xYu","role_id":1,"del":false,"createdAt":"2022-07-20T17:00:09.000Z","updatedAt":"2022-07-20T17:00:09.000Z","role":{"id":1,"role_name":"llll","del":false,"createdAt":"2022-07-20T09:59:37.000Z","updatedAt":"2022-07-20T09:59:37.000Z"}}}
[2022-07-25T14:43:59.872] [INFO] default - POST/api/login { username: 'admin', password: '123' }
[2022-07-25T14:44:00.131] [INFO] default - {"message":"Logined Successfull ✔","status":200,"access_token":"eyJhbGciOiJIUzI1NiIsInR5cCI6IkpXVCJ9.eyJ1c2VybmFtZSI6ImFkbWluIiwicm9sZSI6ImxsbGwiLCJpYXQiOjE2NTg3MzUwNDAsImV4cCI6MTY1ODgyMTQ0MH0.POIgr-Kurxn3jiMFSNUGp9o0XupACJR_sudj6Jy_6dA","data":{"user_id":1,"username":"admin","password":"$2a$10$LGIv/Y3IJCf6w6DVjGMfu.3g5tB8ZsDmiZRWuWVpewMFI/14k5xYu","role_id":1,"del":false,"createdAt":"2022-07-20T17:00:09.000Z","updatedAt":"2022-07-20T17:00:09.000Z","role":{"id":1,"role_name":"llll","del":false,"createdAt":"2022-07-20T09:59:37.000Z","updatedAt":"2022-07-20T09:59:37.000Z"}}}
[2022-07-25T14:49:48.899] [INFO] default - POST/api/login { username: 'admin', password: '123' }
[2022-07-25T14:49:49.109] [INFO] default - {"message":"Logined Successfull ✔","status":200,"access_token":"eyJhbGciOiJIUzI1NiIsInR5cCI6IkpXVCJ9.eyJ1c2VybmFtZSI6ImFkbWluIiwicm9sZSI6ImxsbGwiLCJpYXQiOjE2NTg3MzUzODksImV4cCI6MTY1ODgyMTc4OX0.myJQa0h-wRSdKOWIO26ckNHQtxnUlC4lZB527fWkT7I","data":{"user_id":1,"username":"admin","password":"$2a$10$LGIv/Y3IJCf6w6DVjGMfu.3g5tB8ZsDmiZRWuWVpewMFI/14k5xYu","role_id":1,"del":false,"createdAt":"2022-07-20T17:00:09.000Z","updatedAt":"2022-07-20T17:00:09.000Z","role":{"id":1,"role_name":"llll","del":false,"createdAt":"2022-07-20T09:59:37.000Z","updatedAt":"2022-07-20T09:59:37.000Z"}}}
[2022-07-26T16:07:08.942] [INFO] default - POST/api/login { username: 'admin', password: '123' }
[2022-07-26T16:07:09.406] [INFO] default - {"message":"Logined Successfull ✔","status":200,"access_token":"eyJhbGciOiJIUzI1NiIsInR5cCI6IkpXVCJ9.eyJ1c2VybmFtZSI6ImFkbWluIiwicm9sZSI6ImFkbWluIiwiaWF0IjoxNjU4ODI2NDI5LCJleHAiOjE2NTg5MTI4Mjl9.DNbtOhHBlL4YaCA4EpfZgeWa6snbcx0lBv0Zf52M1CE","data":{"user_id":4,"username":"admin","password":"$2a$10$U/lvZ4RAGHXkY.30QqvL.u9XsEP.eEOA75qpIuZCci8uj2ZlFw8ym","role_id":1,"del":false,"createdAt":"2022-07-26T00:00:00.000Z","updatedAt":"2022-07-26T00:00:00.000Z","role":{"id":1,"role_name":"admin","del":false,"createdAt":"2022-07-26T15:50:38.776Z","updatedAt":"2022-07-26T15:50:38.777Z"}}}
[2022-07-26T16:18:07.194] [INFO] default - POST/api/login { username: 'admin', password: '123' }
[2022-07-26T16:18:07.526] [INFO] default - {"message":"Logined Successfull ✔","status":200,"access_token":"eyJhbGciOiJIUzI1NiIsInR5cCI6IkpXVCJ9.eyJ1c2VybmFtZSI6ImFkbWluIiwicm9sZSI6ImxsbGwiLCJpYXQiOjE2NTg4MjcwODcsImV4cCI6MTY1ODkxMzQ4N30.MCOkGowZ4lX8onkM9bxUGBJGHPQJR-LhalXZOPBD9BQ","data":{"user_id":1,"username":"admin","password":"$2a$10$LGIv/Y3IJCf6w6DVjGMfu.3g5tB8ZsDmiZRWuWVpewMFI/14k5xYu","role_id":1,"del":false,"createdAt":"2022-07-20T17:00:09.000Z","updatedAt":"2022-07-20T17:00:09.000Z","role":{"id":1,"role_name":"llll","del":false,"createdAt":"2022-07-20T09:59:37.000Z","updatedAt":"2022-07-26T09:15:39.000Z"}}}
[2022-07-26T16:45:59.121] [INFO] default - POST/api/login { username: 'admin', password: '1230' }
[2022-07-26T16:45:59.305] [WARN] default - Password incorrect 🤣
[2022-07-26T16:46:10.496] [INFO] default - POST/api/login { username: 'admin0', password: '123' }
[2022-07-26T16:46:10.510] [WARN] default - Username Notfound
[2022-07-26T16:46:27.408] [INFO] default - POST/api/login { username: 'admin', password: '123' }
[2022-07-26T16:46:27.575] [INFO] default - {"message":"Logined Successfull ✔","status":200,"access_token":"eyJhbGciOiJIUzI1NiIsInR5cCI6IkpXVCJ9.eyJ1c2VybmFtZSI6ImFkbWluIiwicm9sZSI6ImxsbGwiLCJpYXQiOjE2NTg4Mjg3ODcsImV4cCI6MTY1ODkxNTE4N30.sZ6Zc32Wsc0RdHomB0lmPyHpFbnF2tuFzJhRHxIY-So","data":{"user_id":1,"username":"admin","password":"$2a$10$LGIv/Y3IJCf6w6DVjGMfu.3g5tB8ZsDmiZRWuWVpewMFI/14k5xYu","role_id":1,"del":false,"createdAt":"2022-07-20T17:00:09.000Z","updatedAt":"2022-07-20T17:00:09.000Z","role":{"id":1,"role_name":"llll","del":false,"createdAt":"2022-07-20T09:59:37.000Z","updatedAt":"2022-07-26T09:15:39.000Z"}}}
[2022-07-26T16:48:16.257] [INFO] default - POST/api/login { username: 'admin', password: '123' }
[2022-07-26T16:48:16.414] [INFO] default - {"message":"Logined Successfull ✔","status":200,"access_token":"eyJhbGciOiJIUzI1NiIsInR5cCI6IkpXVCJ9.eyJ1c2VybmFtZSI6ImFkbWluIiwicm9sZSI6ImxsbGwiLCJpYXQiOjE2NTg4Mjg4OTYsImV4cCI6MTY1ODkxNTI5Nn0.igDAycYLXx6m6h2ACWrK0bql8H8utTeWEQb6ZQFriow","data":{"user_id":1,"username":"admin","password":"$2a$10$LGIv/Y3IJCf6w6DVjGMfu.3g5tB8ZsDmiZRWuWVpewMFI/14k5xYu","role_id":1,"del":false,"createdAt":"2022-07-20T17:00:09.000Z","updatedAt":"2022-07-20T17:00:09.000Z","role":{"id":1,"role_name":"llll","del":false,"createdAt":"2022-07-20T09:59:37.000Z","updatedAt":"2022-07-26T09:15:39.000Z"}}}
[2022-07-27T11:05:21.184] [INFO] default - Database Connected 👍
[2022-07-27T11:05:47.111] [INFO] default - Database Connected 👍
[2022-07-27T11:06:21.426] [INFO] default - Database Connected 👍
[2022-07-27T11:06:38.367] [INFO] default - Database Connected 👍
[2022-07-27T11:07:30.250] [INFO] default - Database Connected 👍
[2022-07-27T11:07:30.252] [ERROR] default - Sync Database Success 👍
[2022-07-27T11:07:51.079] [INFO] default - Database Connected 👍
[2022-07-27T11:07:51.080] [ERROR] default - Sync Database Success 👍
[2022-07-27T11:08:11.600] [INFO] default - Database Connected 👍
[2022-07-27T11:08:11.701] [ERROR] default - Sync Database Success 👍
[2022-07-27T11:09:07.578] [ERROR] default - Connect To Database Failed 🤣 connect ECONNREFUSED 127.0.0.1:3306
[2022-07-27T11:10:17.207] [ERROR] default - Connect To Database Failed.  connect ECONNREFUSED 127.0.0.1:3306
[2022-07-27T11:11:00.291] [ERROR] default - Connect To Database Failed.  connect ECONNREFUSED 127.0.0.1:3306
[2022-07-27T11:11:21.940] [INFO] default - Database Connected.
[2022-07-27T11:11:22.095] [INFO] default - Sync Database Success.
[2022-07-27T11:11:37.937] [INFO] default - Database Connected.
[2022-07-27T11:11:37.939] [INFO] default - Sync Database Success.
[2022-07-27T11:12:51.431] [INFO] default - Database Connected.
[2022-07-27T11:12:51.432] [INFO] default - Sync Database Success.
[2022-07-27T11:15:39.449] [INFO] default - Database Connected.
[2022-07-27T11:15:39.451] [INFO] default - Sync Database Success.
[2022-07-27T11:48:52.771] [INFO] default - Database Connected.
[2022-07-27T11:48:52.773] [INFO] default - Sync Database Success.
[2022-07-27T11:49:07.163] [INFO] default - Database Connected.
[2022-07-27T11:49:07.164] [INFO] default - Sync Database Success.
[2022-07-27T11:51:30.310] [INFO] default - Database Connected.
[2022-07-27T11:51:30.312] [INFO] default - Sync Database Success.
[2022-07-27T11:52:35.925] [INFO] default - Database Connected.
[2022-07-27T11:52:35.928] [INFO] default - Sync Database Success.
[2022-07-27T12:48:15.464] [INFO] default - Database Connected.
[2022-07-27T12:48:15.466] [INFO] default - Sync Database Success.
[2022-07-27T12:48:29.734] [INFO] default - Database Connected.
[2022-07-27T12:48:29.736] [INFO] default - Sync Database Success.
[2022-07-27T12:50:38.072] [INFO] default - Database Connected.
[2022-07-27T12:50:38.074] [INFO] default - Sync Database Success.
[2022-07-27T12:50:49.961] [INFO] default - Database Connected.
[2022-07-27T12:50:49.963] [INFO] default - Sync Database Success.
[2022-07-27T12:52:49.402] [INFO] default - Database Connected.
[2022-07-27T12:52:49.404] [INFO] default - Sync Database Success.
[2022-07-27T12:54:06.593] [INFO] default - Database Connected.
[2022-07-27T12:54:06.596] [INFO] default - Sync Database Success.
[2022-07-27T12:55:26.349] [INFO] default - Database Connected.
[2022-07-27T12:55:26.351] [INFO] default - Sync Database Success.
[2022-07-27T12:56:35.319] [INFO] default - Database Connected.
[2022-07-27T12:56:35.322] [INFO] default - Sync Database Success.
[2022-07-27T12:57:30.297] [INFO] default - Database Connected.
[2022-07-27T12:57:30.300] [INFO] default - Sync Database Success.
[2022-07-27T12:58:14.085] [INFO] default - Database Connected.
[2022-07-27T12:58:14.087] [INFO] default - Sync Database Success.
[2022-07-27T12:59:07.026] [INFO] default - Database Connected.
[2022-07-27T12:59:07.029] [INFO] default - Sync Database Success.
[2022-07-27T13:00:35.471] [INFO] default - Database Connected.
[2022-07-27T13:00:35.473] [INFO] default - Sync Database Success.
[2022-07-27T13:00:44.504] [INFO] default - Database Connected.
[2022-07-27T13:00:44.506] [INFO] default - Sync Database Success.
[2022-07-27T13:02:44.369] [INFO] default - Database Connected.
[2022-07-27T13:02:44.371] [INFO] default - Sync Database Success.
[2022-07-27T13:03:07.300] [INFO] default - Database Connected.
[2022-07-27T13:03:07.303] [INFO] default - Sync Database Success.
[2022-07-27T13:03:25.905] [INFO] default - Database Connected.
[2022-07-27T13:03:25.907] [INFO] default - Sync Database Success.
[2022-07-27T13:04:06.259] [INFO] default - Database Connected.
[2022-07-27T13:04:06.262] [INFO] default - Sync Database Success.
[2022-07-27T13:04:33.762] [INFO] default - Database Connected.
[2022-07-27T13:04:33.765] [INFO] default - Sync Database Success.
[2022-07-27T13:05:07.707] [INFO] default - Database Connected.
[2022-07-27T13:05:07.709] [INFO] default - Sync Database Success.
[2022-07-27T13:06:15.083] [INFO] default - Database Connected.
[2022-07-27T13:06:15.086] [INFO] default - Sync Database Success.
[2022-07-27T13:07:14.804] [INFO] default - Database Connected.
[2022-07-27T13:07:14.805] [INFO] default - Sync Database Success.
[2022-07-27T13:07:41.625] [INFO] default - Database Connected.
[2022-07-27T13:07:41.628] [INFO] default - Sync Database Success.
[2022-07-27T13:08:18.092] [INFO] default - POST/api/login?apikey=12345 { username: 'admin', password: '123' }
[2022-07-27T13:08:18.389] [INFO] default - {"message":"Logined Successfull ✔","status":200,"access_token":"eyJhbGciOiJIUzI1NiIsInR5cCI6IkpXVCJ9.eyJ1c2VybmFtZSI6ImFkbWluIiwicm9sZSI6ImxsbGwiLCJpYXQiOjE2NTg5MDIwOTgsImV4cCI6MTY1ODk4ODQ5OH0.OtSekUV_osLl4mY_uWzh0UEEh64TWRhN260Zne7qojY","data":{"user_id":1,"username":"admin","password":"$2a$10$LGIv/Y3IJCf6w6DVjGMfu.3g5tB8ZsDmiZRWuWVpewMFI/14k5xYu","role_id":1,"del":false,"createdAt":"2022-07-20T17:00:09.000Z","updatedAt":"2022-07-20T17:00:09.000Z","role":{"id":1,"role_name":"llll","del":false,"createdAt":"2022-07-20T09:59:37.000Z","updatedAt":"2022-07-26T09:15:39.000Z"}}}
[2022-07-27T13:10:55.335] [INFO] default - Database Connected.
[2022-07-27T13:10:55.337] [INFO] default - Sync Database Success.
[2022-07-27T13:15:15.268] [INFO] default - Database Connected.
[2022-07-27T13:15:15.270] [INFO] default - Sync Database Success.
[2022-07-27T13:15:59.750] [INFO] default - Database Connected.
[2022-07-27T13:15:59.751] [INFO] default - Sync Database Success.
[2022-07-27T16:55:46.075] [INFO] default - Database Connected.
[2022-07-27T16:55:46.076] [INFO] default - Sync Database Success.
[2022-07-27T17:32:36.995] [ERROR] default - Connect To Database Failed.  connect ECONNREFUSED 127.0.0.1:3306
[2022-07-27T22:09:45.041] [INFO] default - Database Connected.
[2022-07-27T22:09:45.043] [INFO] default - Sync Database Success.
[2022-07-27T22:11:16.341] [INFO] default - POST/api/login { username: 'admin', password: '123' }
[2022-07-27T22:11:16.649] [INFO] default - {"message":"Logined Successfull ✔","status":200,"access_token":"eyJhbGciOiJIUzI1NiIsInR5cCI6IkpXVCJ9.eyJ1c2VybmFtZSI6ImFkbWluIiwicm9sZSI6ImxsbGwiLCJpYXQiOjE2NTg5MzQ2NzYsImV4cCI6MTY1OTAyMTA3Nn0.svqEQ5SvAkJUEashMVFqEzyE51VrYj8lGZl9vJn3ISI","data":{"user_id":1,"username":"admin","password":"$2a$10$LGIv/Y3IJCf6w6DVjGMfu.3g5tB8ZsDmiZRWuWVpewMFI/14k5xYu","role_id":1,"del":false,"createdAt":"2022-07-20T17:00:09.000Z","updatedAt":"2022-07-20T17:00:09.000Z","role":{"id":1,"role_name":"llll","del":false,"createdAt":"2022-07-20T09:59:37.000Z","updatedAt":"2022-07-26T09:15:39.000Z"}}}
[2022-07-27T22:23:32.409] [INFO] default - Database Connected.
[2022-07-27T22:23:32.411] [INFO] default - Sync Database Success.
[2022-07-28T11:48:13.928] [INFO] default - Database Connected.
[2022-07-28T11:48:13.930] [INFO] default - Sync Database Success.
[2022-07-28T12:43:30.573] [INFO] default - POST/api/login { username: 'admin', password: '123' }
[2022-07-28T12:43:30.804] [INFO] default - {"message":"Logined Successfull ✔","status":200,"access_token":"eyJhbGciOiJIUzI1NiIsInR5cCI6IkpXVCJ9.eyJ1c2VybmFtZSI6ImFkbWluIiwicm9sZSI6ImxsbGwiLCJpYXQiOjE2NTg5ODcwMTAsImV4cCI6MTY1OTA3MzQxMH0.JCPFQrqCHE2rhDECXLuL22NU76-Hd1nJdwEwLw1aKLc","data":{"user_id":1,"username":"admin","password":"$2a$10$LGIv/Y3IJCf6w6DVjGMfu.3g5tB8ZsDmiZRWuWVpewMFI/14k5xYu","role_id":1,"del":false,"createdAt":"2022-07-20T17:00:09.000Z","updatedAt":"2022-07-20T17:00:09.000Z","role":{"id":1,"role_name":"llll","del":false,"createdAt":"2022-07-20T09:59:37.000Z","updatedAt":"2022-07-26T09:15:39.000Z"}}}
[2022-07-28T13:38:49.433] [ERROR] default - Connect To Database Failed.  Unknown database 'db_restaurant'
[2022-07-28T17:01:35.842] [ERROR] default - Connect To Database Failed.  Unknown database 'db_restaurant'
[2022-07-28T17:01:38.807] [INFO] default - POST/api/login { username: 'admin', password: '123' }
[2022-07-28T17:01:38.834] [ERROR] default - Unknown database 'db_restaurant'
[2022-07-28T17:01:51.199] [INFO] default - POST/api/login { username: 'admin', password: '123' }
[2022-07-28T17:01:51.210] [ERROR] default - Unknown database 'db_restaurant'
[2022-07-28T17:20:42.382] [INFO] default - POST/api/login { username: 'admin', password: '123' }
[2022-07-28T17:20:42.651] [INFO] default - {"message":"Logined Successfull ✔","status":200,"access_token":"eyJhbGciOiJIUzI1NiIsInR5cCI6IkpXVCJ9.eyJ1c2VybmFtZSI6ImFkbWluIiwicm9sZSI6ImxsbGwiLCJpYXQiOjE2NTkwMDM2NDIsImV4cCI6MTY1OTA5MDA0Mn0.R5AjRsX5tcRBiW3GrkkTYaSH8JNf6PMdy2U4UsU4xVk","data":{"user_id":1,"username":"admin","password":"$2a$10$LGIv/Y3IJCf6w6DVjGMfu.3g5tB8ZsDmiZRWuWVpewMFI/14k5xYu","role_id":1,"del":false,"createdAt":"2022-07-20T17:00:09.000Z","updatedAt":"2022-07-20T17:00:09.000Z","role":{"id":1,"role_name":"llll","del":false,"createdAt":"2022-07-20T09:59:37.000Z","updatedAt":"2022-07-26T09:15:39.000Z"}}}
[2022-07-30T15:53:23.650] [ERROR] default - Connect To Database Failed.  connect ECONNREFUSED 127.0.0.1:3306
[2022-07-30T16:33:42.063] [INFO] default - Database Connected.
[2022-07-30T16:33:42.065] [INFO] default - Sync Database Success.
[2022-08-04T10:23:34.598] [INFO] default - Database Connected.
[2022-08-04T10:23:34.599] [INFO] default - Sync Database Success.
[2022-08-04T10:24:59.471] [INFO] default - Database Connected.
[2022-08-04T10:24:59.473] [INFO] default - Sync Database Success.
[2022-08-04T10:25:21.732] [INFO] default - Database Connected.
[2022-08-04T10:25:21.733] [INFO] default - Sync Database Success.
[2022-08-04T10:25:42.610] [INFO] default - Database Connected.
[2022-08-04T10:25:42.612] [INFO] default - Sync Database Success.
[2022-08-04T10:25:58.994] [INFO] default - Database Connected.
[2022-08-04T10:25:58.996] [INFO] default - Sync Database Success.
[2022-08-04T10:26:24.309] [INFO] default - Database Connected.
[2022-08-04T10:26:24.311] [INFO] default - Sync Database Success.
[2022-08-04T10:26:52.892] [INFO] default - Database Connected.
[2022-08-04T10:26:52.895] [INFO] default - Sync Database Success.
[2022-08-04T10:27:17.356] [INFO] default - Database Connected.
[2022-08-04T10:27:17.358] [INFO] default - Sync Database Success.
[2022-08-04T10:27:41.928] [INFO] default - Database Connected.
[2022-08-04T10:27:41.929] [INFO] default - Sync Database Success.
