[2022-06-17T11:41:50.969] [INFO] default - HHHHHHHHH
[2022-06-17T11:43:02.831] [INFO] default - HHHHHHHHH
[2022-06-17T11:43:46.858] [INFO] default - HHHHHHHHH
[2022-06-17T11:44:50.236] [INFO] default - HHHHHHHHH
[2022-06-17T11:44:50.239] [ERROR] default - error
[2022-06-17T11:45:20.811] [INFO] default - HHHHHHHHH
[2022-06-17T11:45:20.814] [ERROR] default - error
[2022-06-17T11:45:44.535] [INFO] default - HHHHHHHHH
[2022-06-17T11:45:44.537] [ERROR] default - error
[2022-06-17T11:46:11.783] [INFO] default - HHHHHHHHH
[2022-06-17T11:46:11.785] [ERROR] default - error
[2022-06-17T11:46:58.254] [INFO] default - HHHHHHHHH
[2022-06-17T11:46:58.256] [ERROR] default - error
[2022-06-17T11:47:10.636] [INFO] default - HHHHHHHHH
[2022-06-17T11:47:10.639] [ERROR] default - error
[2022-06-17T11:47:29.238] [INFO] default - HHHHHHHHH
[2022-06-17T11:47:29.241] [ERROR] default - error
[2022-06-17T11:47:49.419] [INFO] default - HHHHHHHHH
[2022-06-17T11:47:49.422] [ERROR] default - error
[2022-06-17T11:48:09.647] [INFO] default - HHHHHHHHH
[2022-06-17T11:48:09.650] [ERROR] default - error
[2022-06-17T11:48:17.640] [INFO] default - HHHHHHHHH
[2022-06-17T11:48:17.642] [ERROR] default - error
[2022-06-17T11:48:48.480] [INFO] default - HHHHHHHHH
[2022-06-17T11:48:48.482] [ERROR] default - error
[2022-06-17T11:50:05.630] [INFO] default - HHH4444444444444444444444444444HHHHHH
[2022-06-17T11:50:05.633] [ERROR] default - error
[2022-06-17T11:56:33.282] [INFO] default - Login By... { username: 'z', password: '111' }
[2022-06-17T11:56:54.223] [INFO] default - Login By... { username: 'zzz', password: '111' }
[2022-06-17T11:56:54.237] [WARN] default - User Not Found...
[2022-06-17T12:40:13.689] [INFO] default - Login By... { username: 'zzz', password: '111' }
[2022-06-17T12:40:13.701] [WARN] default - User Not Found...
[2022-06-17T12:48:13.421] [INFO] default - Login By... { username: 'z', password: '111' }
[2022-06-17T12:49:49.730] [INFO] default - Login By... { username: 'z', password: '111' }
[2022-06-17T12:49:49.933] [INFO] default - Login Pass Result Is:  {
  message: 'OK',
  status: 'true',
  access_token: 'eyJhbGciOiJIUzI1NiIsInR5cCI6IkpXVCJ9.eyJ1c2VyX2lkIjoxNywidXNlcm5hbWUiOiJ6IiwiaWF0IjoxNjU1NDQ0OTg5LCJleHAiOjE2NTU1MzEzODl9.JYs261rkXgH6NisSyvNTTFeXyxxP5SO9nUMsObhBpSg',
  data: User {
    dataValues: {
      id: 17,
      username: 'z',
      password: '$2a$10$RNuSKs9.DVvP/4XnV0ntQunFazT77hAperI6u6iYkWTHnYQj7.0ea',
      role_id: 1,
      del: false,
      createdAt: 2022-06-13T09:16:29.000Z,
      updatedAt: 2022-06-13T09:16:29.000Z,
      role: [Role]
    },
    _previousDataValues: {
      id: 17,
      username: 'z',
      password: '$2a$10$RNuSKs9.DVvP/4XnV0ntQunFazT77hAperI6u6iYkWTHnYQj7.0ea',
      role_id: 1,
      del: false,
      createdAt: 2022-06-13T09:16:29.000Z,
      updatedAt: 2022-06-13T09:16:29.000Z,
      role: [Role]
    },
    _changed: {},
    _modelOptions: {
      timestamps: true,
      validate: {},
      freezeTableName: false,
      underscored: false,
      paranoid: false,
      rejectOnEmpty: false,
      whereCollection: [Object],
      schema: null,
      schemaDelimiter: '',
      defaultScope: {},
      scopes: {},
      indexes: [],
      name: [Object],
      omitNull: false,
      tableName: 'tbl_user',
      sequelize: [Sequelize],
      hooks: {}
    },
    _options: {
      isNewRecord: false,
      _schema: null,
      _schemaDelimiter: '',
      include: [Array],
      includeNames: [Array],
      includeMap: [Object],
      includeValidated: true,
      attributes: [Array],
      raw: true
    },
    isNewRecord: false,
    role: Role {
      dataValues: [Object],
      _previousDataValues: [Object],
      _changed: {},
      _modelOptions: [Object],
      _options: [Object],
      isNewRecord: false
    }
  }
}
